11:41:54 **** Incremental Build of configuration Nios II for project VGA_Wifi_Integration ****
make all 
Info: Building ../VGA_Wifi_Integration_bsp/
C:/intelFPGA_lite/18.1/nios2eds/bin/gnu/H-x86_64-mingw32/bin/make --no-print-directory -C ../VGA_Wifi_Integration_bsp/
[BSP build complete]
[VGA_Wifi_Integration build complete]
11:42:06 **** Build of configuration Nios II for project VGA_Wifi_Integration ****
make all 
Info: Building ../VGA_Wifi_Integration_bsp/
C:/intelFPGA_lite/18.1/nios2eds/bin/gnu/H-x86_64-mingw32/bin/make --no-print-directory -C ../VGA_Wifi_Integration_bsp/
[BSP build complete]
[VGA_Wifi_Integration build complete]
11:42:09 **** Incremental Build of configuration Nios II for project VGA_Wifi_Integration ****
make all 
Info: Building ../VGA_Wifi_Integration_bsp/
C:/intelFPGA_lite/18.1/nios2eds/bin/gnu/H-x86_64-mingw32/bin/make --no-print-directory -C ../VGA_Wifi_Integration_bsp/
[BSP build complete]
[VGA_Wifi_Integration build complete]
11:45:36 **** Build of configuration Nios II for project VGA_Wifi_Integration ****
make all 
Info: Building ../VGA_Wifi_Integration_bsp/
C:/intelFPGA_lite/18.1/nios2eds/bin/gnu/H-x86_64-mingw32/bin/make --no-print-directory -C ../VGA_Wifi_Integration_bsp/
[BSP build complete]
Info: Compiling ColourPallette.c to obj/default/ColourPallette.o
nios2-elf-gcc -xc -MP -MMD -c -I../VGA_Wifi_Integration_bsp//HAL/inc -I../VGA_Wifi_Integration_bsp/ -I../VGA_Wifi_Integration_bsp//drivers/inc  -pipe -D__hal__ -DALT_NO_C_PLUS_PLUS -DALT_NO_CLEAN_EXIT -D'exit(a)=_exit(a)' -DALT_NO_EXIT -DALT_USE_DIRECT_DRIVERS -DALT_NO_INSTRUCTION_EMULATION -DALT_USE_SMALL_DRIVERS -DSMALL_C_LIB -DALT_SINGLE_THREADED    -Os -g -Wall   -mno-hw-div -mno-hw-mul -mno-hw-mulx -mgpopt=global  -o obj/default/ColourPallette.o ColourPallette.c
Info: Compiling VGA.c to obj/default/VGA.o
nios2-elf-gcc -xc -MP -MMD -c -I../VGA_Wifi_Integration_bsp//HAL/inc -I../VGA_Wifi_Integration_bsp/ -I../VGA_Wifi_Integration_bsp//drivers/inc  -pipe -D__hal__ -DALT_NO_C_PLUS_PLUS -DALT_NO_CLEAN_EXIT -D'exit(a)=_exit(a)' -DALT_NO_EXIT -DALT_USE_DIRECT_DRIVERS -DALT_NO_INSTRUCTION_EMULATION -DALT_USE_SMALL_DRIVERS -DSMALL_C_LIB -DALT_SINGLE_THREADED    -Os -g -Wall   -mno-hw-div -mno-hw-mul -mno-hw-mulx -mgpopt=global  -o obj/default/VGA.o VGA.c
VGA.c: In function 'ShowRecordingEnd':
VGA.c:90:7: warning: unused variable 'num' [-Wunused-variable]
  char num[2];
       ^
Info: Linking VGA_Wifi_Integration.elf
nios2-elf-g++  -T'../VGA_Wifi_Integration_bsp//linker.x' -msys-crt0='../VGA_Wifi_Integration_bsp//obj/HAL/src/crt0.o' -msys-lib=hal_bsp -L../VGA_Wifi_Integration_bsp/  -msmallc  -Wl,-Map=VGA_Wifi_Integration.map   -Os -g -Wall   -mno-hw-div -mno-hw-mul -mno-hw-mulx -mgpopt=global  -o VGA_Wifi_Integration.elf obj/default/ColourPallette.o obj/default/Fonts.o obj/default/VGA.o obj/default/hello_world_small.o -lm -msys-lib=m
nios2-elf-insert VGA_Wifi_Integration.elf --thread_model hal --cpu_name nios2_gen2_0 --qsys true --simulation_enabled false --stderr_dev jtag_uart_0 --stdin_dev jtag_uart_0 --stdout_dev jtag_uart_0 --sopc_system_name dnn_accel_system --quartus_project_dir "C:/Users/simra/Documents/CPEN_391/l2a-02-sdms/VGA_Touchscreen_Integration/source" --sopcinfo C:/Users/simra/Documents/CPEN_391/l2a-02-sdms/VGA_Touchscreen_Integration/source/software/VGA_Wifi_Integration_bsp/../../dnn_accel_system.sopcinfo
Info: (VGA_Wifi_Integration.elf) 59 KBytes program size (code + initialized data).
Info:                            65492 KBytes free for stack + heap.
Info: Creating VGA_Wifi_Integration.objdump
nios2-elf-objdump --disassemble --syms --all-header --source VGA_Wifi_Integration.elf >VGA_Wifi_Integration.objdump
[VGA_Wifi_Integration build complete]
11:45:40 **** Incremental Build of configuration Nios II for project VGA_Wifi_Integration ****
make all 
Info: Building ../VGA_Wifi_Integration_bsp/
C:/intelFPGA_lite/18.1/nios2eds/bin/gnu/H-x86_64-mingw32/bin/make --no-print-directory -C ../VGA_Wifi_Integration_bsp/
[BSP build complete]
[VGA_Wifi_Integration build complete]
11:52:19 **** Build of configuration Nios II for project VGA_Wifi_Integration ****
make all 
Info: Building ../VGA_Wifi_Integration_bsp/
C:/intelFPGA_lite/18.1/nios2eds/bin/gnu/H-x86_64-mingw32/bin/make --no-print-directory -C ../VGA_Wifi_Integration_bsp/
[BSP build complete]
Info: Compiling VGA.c to obj/default/VGA.o
nios2-elf-gcc -xc -MP -MMD -c -I../VGA_Wifi_Integration_bsp//HAL/inc -I../VGA_Wifi_Integration_bsp/ -I../VGA_Wifi_Integration_bsp//drivers/inc  -pipe -D__hal__ -DALT_NO_C_PLUS_PLUS -DALT_NO_CLEAN_EXIT -D'exit(a)=_exit(a)' -DALT_NO_EXIT -DALT_USE_DIRECT_DRIVERS -DALT_NO_INSTRUCTION_EMULATION -DALT_USE_SMALL_DRIVERS -DSMALL_C_LIB -DALT_SINGLE_THREADED    -Os -g -Wall   -mno-hw-div -mno-hw-mul -mno-hw-mulx -mgpopt=global  -o obj/default/VGA.o VGA.c
VGA.c: In function 'ShowRecordingEnd':
VGA.c:91:7: warning: unused variable 'num' [-Wunused-variable]
  char num[2];
       ^
Info: Linking VGA_Wifi_Integration.elf
nios2-elf-g++  -T'../VGA_Wifi_Integration_bsp//linker.x' -msys-crt0='../VGA_Wifi_Integration_bsp//obj/HAL/src/crt0.o' -msys-lib=hal_bsp -L../VGA_Wifi_Integration_bsp/  -msmallc  -Wl,-Map=VGA_Wifi_Integration.map   -Os -g -Wall   -mno-hw-div -mno-hw-mul -mno-hw-mulx -mgpopt=global  -o VGA_Wifi_Integration.elf obj/default/ColourPallette.o obj/default/Fonts.o obj/default/VGA.o obj/default/hello_world_small.o -lm -msys-lib=m
nios2-elf-insert VGA_Wifi_Integration.elf --thread_model hal --cpu_name nios2_gen2_0 --qsys true --simulation_enabled false --stderr_dev jtag_uart_0 --stdin_dev jtag_uart_0 --stdout_dev jtag_uart_0 --sopc_system_name dnn_accel_system --quartus_project_dir "C:/Users/simra/Documents/CPEN_391/l2a-02-sdms/VGA_Touchscreen_Integration/source" --sopcinfo C:/Users/simra/Documents/CPEN_391/l2a-02-sdms/VGA_Touchscreen_Integration/source/software/VGA_Wifi_Integration_bsp/../../dnn_accel_system.sopcinfo
Info: (VGA_Wifi_Integration.elf) 59 KBytes program size (code + initialized data).
Info:                            65492 KBytes free for stack + heap.
Info: Creating VGA_Wifi_Integration.objdump
nios2-elf-objdump --disassemble --syms --all-header --source VGA_Wifi_Integration.elf >VGA_Wifi_Integration.objdump
[VGA_Wifi_Integration build complete]
11:52:23 **** Incremental Build of configuration Nios II for project VGA_Wifi_Integration ****
make all 
Info: Building ../VGA_Wifi_Integration_bsp/
C:/intelFPGA_lite/18.1/nios2eds/bin/gnu/H-x86_64-mingw32/bin/make --no-print-directory -C ../VGA_Wifi_Integration_bsp/
[BSP build complete]
[VGA_Wifi_Integration build complete]
11:53:34 **** Build of configuration Nios II for project VGA_Wifi_Integration ****
make all 
Info: Building ../VGA_Wifi_Integration_bsp/
C:/intelFPGA_lite/18.1/nios2eds/bin/gnu/H-x86_64-mingw32/bin/make --no-print-directory -C ../VGA_Wifi_Integration_bsp/
[BSP build complete]
Info: Compiling VGA.c to obj/default/VGA.o
nios2-elf-gcc -xc -MP -MMD -c -I../VGA_Wifi_Integration_bsp//HAL/inc -I../VGA_Wifi_Integration_bsp/ -I../VGA_Wifi_Integration_bsp//drivers/inc  -pipe -D__hal__ -DALT_NO_C_PLUS_PLUS -DALT_NO_CLEAN_EXIT -D'exit(a)=_exit(a)' -DALT_NO_EXIT -DALT_USE_DIRECT_DRIVERS -DALT_NO_INSTRUCTION_EMULATION -DALT_USE_SMALL_DRIVERS -DSMALL_C_LIB -DALT_SINGLE_THREADED    -Os -g -Wall   -mno-hw-div -mno-hw-mul -mno-hw-mulx -mgpopt=global  -o obj/default/VGA.o VGA.c
VGA.c: In function 'ShowRecordingEnd':
VGA.c:91:7: warning: unused variable 'num' [-Wunused-variable]
  char num[2];
       ^
Info: Linking VGA_Wifi_Integration.elf
nios2-elf-g++  -T'../VGA_Wifi_Integration_bsp//linker.x' -msys-crt0='../VGA_Wifi_Integration_bsp//obj/HAL/src/crt0.o' -msys-lib=hal_bsp -L../VGA_Wifi_Integration_bsp/  -msmallc  -Wl,-Map=VGA_Wifi_Integration.map   -Os -g -Wall   -mno-hw-div -mno-hw-mul -mno-hw-mulx -mgpopt=global  -o VGA_Wifi_Integration.elf obj/default/ColourPallette.o obj/default/Fonts.o obj/default/VGA.o obj/default/hello_world_small.o -lm -msys-lib=m
nios2-elf-insert VGA_Wifi_Integration.elf --thread_model hal --cpu_name nios2_gen2_0 --qsys true --simulation_enabled false --stderr_dev jtag_uart_0 --stdin_dev jtag_uart_0 --stdout_dev jtag_uart_0 --sopc_system_name dnn_accel_system --quartus_project_dir "C:/Users/simra/Documents/CPEN_391/l2a-02-sdms/VGA_Touchscreen_Integration/source" --sopcinfo C:/Users/simra/Documents/CPEN_391/l2a-02-sdms/VGA_Touchscreen_Integration/source/software/VGA_Wifi_Integration_bsp/../../dnn_accel_system.sopcinfo
Info: (VGA_Wifi_Integration.elf) 59 KBytes program size (code + initialized data).
Info:                            65492 KBytes free for stack + heap.
Info: Creating VGA_Wifi_Integration.objdump
nios2-elf-objdump --disassemble --syms --all-header --source VGA_Wifi_Integration.elf >VGA_Wifi_Integration.objdump
[VGA_Wifi_Integration build complete]
11:53:38 **** Incremental Build of configuration Nios II for project VGA_Wifi_Integration ****
make all 
Info: Building ../VGA_Wifi_Integration_bsp/
C:/intelFPGA_lite/18.1/nios2eds/bin/gnu/H-x86_64-mingw32/bin/make --no-print-directory -C ../VGA_Wifi_Integration_bsp/
[BSP build complete]
[VGA_Wifi_Integration build complete]
11:54:15 **** Build of configuration Nios II for project VGA_Wifi_Integration ****
make all 
Info: Building ../VGA_Wifi_Integration_bsp/
C:/intelFPGA_lite/18.1/nios2eds/bin/gnu/H-x86_64-mingw32/bin/make --no-print-directory -C ../VGA_Wifi_Integration_bsp/
[BSP build complete]
Info: Compiling VGA.c to obj/default/VGA.o
nios2-elf-gcc -xc -MP -MMD -c -I../VGA_Wifi_Integration_bsp//HAL/inc -I../VGA_Wifi_Integration_bsp/ -I../VGA_Wifi_Integration_bsp//drivers/inc  -pipe -D__hal__ -DALT_NO_C_PLUS_PLUS -DALT_NO_CLEAN_EXIT -D'exit(a)=_exit(a)' -DALT_NO_EXIT -DALT_USE_DIRECT_DRIVERS -DALT_NO_INSTRUCTION_EMULATION -DALT_USE_SMALL_DRIVERS -DSMALL_C_LIB -DALT_SINGLE_THREADED    -Os -g -Wall   -mno-hw-div -mno-hw-mul -mno-hw-mulx -mgpopt=global  -o obj/default/VGA.o VGA.c
VGA.c: In function 'ShowRecordingEnd':
VGA.c:91:7: warning: unused variable 'num' [-Wunused-variable]
  char num[2];
       ^
Info: Linking VGA_Wifi_Integration.elf
nios2-elf-g++  -T'../VGA_Wifi_Integration_bsp//linker.x' -msys-crt0='../VGA_Wifi_Integration_bsp//obj/HAL/src/crt0.o' -msys-lib=hal_bsp -L../VGA_Wifi_Integration_bsp/  -msmallc  -Wl,-Map=VGA_Wifi_Integration.map   -Os -g -Wall   -mno-hw-div -mno-hw-mul -mno-hw-mulx -mgpopt=global  -o VGA_Wifi_Integration.elf obj/default/ColourPallette.o obj/default/Fonts.o obj/default/VGA.o obj/default/hello_world_small.o -lm -msys-lib=m
nios2-elf-insert VGA_Wifi_Integration.elf --thread_model hal --cpu_name nios2_gen2_0 --qsys true --simulation_enabled false --stderr_dev jtag_uart_0 --stdin_dev jtag_uart_0 --stdout_dev jtag_uart_0 --sopc_system_name dnn_accel_system --quartus_project_dir "C:/Users/simra/Documents/CPEN_391/l2a-02-sdms/VGA_Touchscreen_Integration/source" --sopcinfo C:/Users/simra/Documents/CPEN_391/l2a-02-sdms/VGA_Touchscreen_Integration/source/software/VGA_Wifi_Integration_bsp/../../dnn_accel_system.sopcinfo
Info: (VGA_Wifi_Integration.elf) 59 KBytes program size (code + initialized data).
Info:                            65492 KBytes free for stack + heap.
Info: Creating VGA_Wifi_Integration.objdump
nios2-elf-objdump --disassemble --syms --all-header --source VGA_Wifi_Integration.elf >VGA_Wifi_Integration.objdump
[VGA_Wifi_Integration build complete]
11:54:18 **** Incremental Build of configuration Nios II for project VGA_Wifi_Integration ****
make all 
Info: Building ../VGA_Wifi_Integration_bsp/
C:/intelFPGA_lite/18.1/nios2eds/bin/gnu/H-x86_64-mingw32/bin/make --no-print-directory -C ../VGA_Wifi_Integration_bsp/
[BSP build complete]
[VGA_Wifi_Integration build complete]
11:55:29 **** Build of configuration Nios II for project VGA_Wifi_Integration ****
make all 
Info: Building ../VGA_Wifi_Integration_bsp/
C:/intelFPGA_lite/18.1/nios2eds/bin/gnu/H-x86_64-mingw32/bin/make --no-print-directory -C ../VGA_Wifi_Integration_bsp/
[BSP build complete]
Info: Compiling VGA.c to obj/default/VGA.o
nios2-elf-gcc -xc -MP -MMD -c -I../VGA_Wifi_Integration_bsp//HAL/inc -I../VGA_Wifi_Integration_bsp/ -I../VGA_Wifi_Integration_bsp//drivers/inc  -pipe -D__hal__ -DALT_NO_C_PLUS_PLUS -DALT_NO_CLEAN_EXIT -D'exit(a)=_exit(a)' -DALT_NO_EXIT -DALT_USE_DIRECT_DRIVERS -DALT_NO_INSTRUCTION_EMULATION -DALT_USE_SMALL_DRIVERS -DSMALL_C_LIB -DALT_SINGLE_THREADED    -Os -g -Wall   -mno-hw-div -mno-hw-mul -mno-hw-mulx -mgpopt=global  -o obj/default/VGA.o VGA.c
VGA.c: In function 'ShowRecordingEnd':
VGA.c:92:7: warning: unused variable 'num' [-Wunused-variable]
  char num[2];
       ^
Info: Linking VGA_Wifi_Integration.elf
nios2-elf-g++  -T'../VGA_Wifi_Integration_bsp//linker.x' -msys-crt0='../VGA_Wifi_Integration_bsp//obj/HAL/src/crt0.o' -msys-lib=hal_bsp -L../VGA_Wifi_Integration_bsp/  -msmallc  -Wl,-Map=VGA_Wifi_Integration.map   -Os -g -Wall   -mno-hw-div -mno-hw-mul -mno-hw-mulx -mgpopt=global  -o VGA_Wifi_Integration.elf obj/default/ColourPallette.o obj/default/Fonts.o obj/default/VGA.o obj/default/hello_world_small.o -lm -msys-lib=m
nios2-elf-insert VGA_Wifi_Integration.elf --thread_model hal --cpu_name nios2_gen2_0 --qsys true --simulation_enabled false --stderr_dev jtag_uart_0 --stdin_dev jtag_uart_0 --stdout_dev jtag_uart_0 --sopc_system_name dnn_accel_system --quartus_project_dir "C:/Users/simra/Documents/CPEN_391/l2a-02-sdms/VGA_Touchscreen_Integration/source" --sopcinfo C:/Users/simra/Documents/CPEN_391/l2a-02-sdms/VGA_Touchscreen_Integration/source/software/VGA_Wifi_Integration_bsp/../../dnn_accel_system.sopcinfo
Info: (VGA_Wifi_Integration.elf) 59 KBytes program size (code + initialized data).
Info:                            65492 KBytes free for stack + heap.
Info: Creating VGA_Wifi_Integration.objdump
nios2-elf-objdump --disassemble --syms --all-header --source VGA_Wifi_Integration.elf >VGA_Wifi_Integration.objdump
[VGA_Wifi_Integration build complete]
11:55:33 **** Incremental Build of configuration Nios II for project VGA_Wifi_Integration ****
make all 
Info: Building ../VGA_Wifi_Integration_bsp/
C:/intelFPGA_lite/18.1/nios2eds/bin/gnu/H-x86_64-mingw32/bin/make --no-print-directory -C ../VGA_Wifi_Integration_bsp/
[BSP build complete]
[VGA_Wifi_Integration build complete]
11:58:58 **** Build of configuration Nios II for project VGA_Wifi_Integration ****
make all 
Info: Building ../VGA_Wifi_Integration_bsp/
C:/intelFPGA_lite/18.1/nios2eds/bin/gnu/H-x86_64-mingw32/bin/make --no-print-directory -C ../VGA_Wifi_Integration_bsp/
[BSP build complete]
Info: Compiling VGA.c to obj/default/VGA.o
nios2-elf-gcc -xc -MP -MMD -c -I../VGA_Wifi_Integration_bsp//HAL/inc -I../VGA_Wifi_Integration_bsp/ -I../VGA_Wifi_Integration_bsp//drivers/inc  -pipe -D__hal__ -DALT_NO_C_PLUS_PLUS -DALT_NO_CLEAN_EXIT -D'exit(a)=_exit(a)' -DALT_NO_EXIT -DALT_USE_DIRECT_DRIVERS -DALT_NO_INSTRUCTION_EMULATION -DALT_USE_SMALL_DRIVERS -DSMALL_C_LIB -DALT_SINGLE_THREADED    -Os -g -Wall   -mno-hw-div -mno-hw-mul -mno-hw-mulx -mgpopt=global  -o obj/default/VGA.o VGA.c
VGA.c: In function 'ShowRecordingEnd':
VGA.c:92:7: warning: unused variable 'num' [-Wunused-variable]
  char num[2];
       ^
Info: Linking VGA_Wifi_Integration.elf
nios2-elf-g++  -T'../VGA_Wifi_Integration_bsp//linker.x' -msys-crt0='../VGA_Wifi_Integration_bsp//obj/HAL/src/crt0.o' -msys-lib=hal_bsp -L../VGA_Wifi_Integration_bsp/  -msmallc  -Wl,-Map=VGA_Wifi_Integration.map   -Os -g -Wall   -mno-hw-div -mno-hw-mul -mno-hw-mulx -mgpopt=global  -o VGA_Wifi_Integration.elf obj/default/ColourPallette.o obj/default/Fonts.o obj/default/VGA.o obj/default/hello_world_small.o -lm -msys-lib=m
nios2-elf-insert VGA_Wifi_Integration.elf --thread_model hal --cpu_name nios2_gen2_0 --qsys true --simulation_enabled false --stderr_dev jtag_uart_0 --stdin_dev jtag_uart_0 --stdout_dev jtag_uart_0 --sopc_system_name dnn_accel_system --quartus_project_dir "C:/Users/simra/Documents/CPEN_391/l2a-02-sdms/VGA_Touchscreen_Integration/source" --sopcinfo C:/Users/simra/Documents/CPEN_391/l2a-02-sdms/VGA_Touchscreen_Integration/source/software/VGA_Wifi_Integration_bsp/../../dnn_accel_system.sopcinfo
Info: (VGA_Wifi_Integration.elf) 59 KBytes program size (code + initialized data).
Info:                            65492 KBytes free for stack + heap.
Info: Creating VGA_Wifi_Integration.objdump
nios2-elf-objdump --disassemble --syms --all-header --source VGA_Wifi_Integration.elf >VGA_Wifi_Integration.objdump
[VGA_Wifi_Integration build complete]
11:59:02 **** Incremental Build of configuration Nios II for project VGA_Wifi_Integration ****
make all 
Info: Building ../VGA_Wifi_Integration_bsp/
C:/intelFPGA_lite/18.1/nios2eds/bin/gnu/H-x86_64-mingw32/bin/make --no-print-directory -C ../VGA_Wifi_Integration_bsp/
[BSP build complete]
[VGA_Wifi_Integration build complete]
12:11:34 **** Build of configuration Nios II for project VGA_Wifi_Integration ****
make all 
Info: Building ../VGA_Wifi_Integration_bsp/
C:/intelFPGA_lite/18.1/nios2eds/bin/gnu/H-x86_64-mingw32/bin/make --no-print-directory -C ../VGA_Wifi_Integration_bsp/
[BSP build complete]
Info: Compiling VGA.c to obj/default/VGA.o
nios2-elf-gcc -xc -MP -MMD -c -I../VGA_Wifi_Integration_bsp//HAL/inc -I../VGA_Wifi_Integration_bsp/ -I../VGA_Wifi_Integration_bsp//drivers/inc  -pipe -D__hal__ -DALT_NO_C_PLUS_PLUS -DALT_NO_CLEAN_EXIT -D'exit(a)=_exit(a)' -DALT_NO_EXIT -DALT_USE_DIRECT_DRIVERS -DALT_NO_INSTRUCTION_EMULATION -DALT_USE_SMALL_DRIVERS -DSMALL_C_LIB -DALT_SINGLE_THREADED    -Os -g -Wall   -mno-hw-div -mno-hw-mul -mno-hw-mulx -mgpopt=global  -o obj/default/VGA.o VGA.c
VGA.c: In function 'ShowRecordingEnd':
VGA.c:93:7: warning: unused variable 'num' [-Wunused-variable]
  char num[2];
       ^
Info: Linking VGA_Wifi_Integration.elf
nios2-elf-g++  -T'../VGA_Wifi_Integration_bsp//linker.x' -msys-crt0='../VGA_Wifi_Integration_bsp//obj/HAL/src/crt0.o' -msys-lib=hal_bsp -L../VGA_Wifi_Integration_bsp/  -msmallc  -Wl,-Map=VGA_Wifi_Integration.map   -Os -g -Wall   -mno-hw-div -mno-hw-mul -mno-hw-mulx -mgpopt=global  -o VGA_Wifi_Integration.elf obj/default/ColourPallette.o obj/default/Fonts.o obj/default/VGA.o obj/default/hello_world_small.o -lm -msys-lib=m
nios2-elf-insert VGA_Wifi_Integration.elf --thread_model hal --cpu_name nios2_gen2_0 --qsys true --simulation_enabled false --stderr_dev jtag_uart_0 --stdin_dev jtag_uart_0 --stdout_dev jtag_uart_0 --sopc_system_name dnn_accel_system --quartus_project_dir "C:/Users/simra/Documents/CPEN_391/l2a-02-sdms/VGA_Touchscreen_Integration/source" --sopcinfo C:/Users/simra/Documents/CPEN_391/l2a-02-sdms/VGA_Touchscreen_Integration/source/software/VGA_Wifi_Integration_bsp/../../dnn_accel_system.sopcinfo
Info: (VGA_Wifi_Integration.elf) 59 KBytes program size (code + initialized data).
Info:                            65492 KBytes free for stack + heap.
Info: Creating VGA_Wifi_Integration.objdump
nios2-elf-objdump --disassemble --syms --all-header --source VGA_Wifi_Integration.elf >VGA_Wifi_Integration.objdump
[VGA_Wifi_Integration build complete]
12:11:38 **** Incremental Build of configuration Nios II for project VGA_Wifi_Integration ****
make all 
Info: Building ../VGA_Wifi_Integration_bsp/
C:/intelFPGA_lite/18.1/nios2eds/bin/gnu/H-x86_64-mingw32/bin/make --no-print-directory -C ../VGA_Wifi_Integration_bsp/
[BSP build complete]
[VGA_Wifi_Integration build complete]
12:12:29 **** Build of configuration Nios II for project VGA_Wifi_Integration ****
make all 
Info: Building ../VGA_Wifi_Integration_bsp/
C:/intelFPGA_lite/18.1/nios2eds/bin/gnu/H-x86_64-mingw32/bin/make --no-print-directory -C ../VGA_Wifi_Integration_bsp/
[BSP build complete]
Info: Compiling VGA.c to obj/default/VGA.o
nios2-elf-gcc -xc -MP -MMD -c -I../VGA_Wifi_Integration_bsp//HAL/inc -I../VGA_Wifi_Integration_bsp/ -I../VGA_Wifi_Integration_bsp//drivers/inc  -pipe -D__hal__ -DALT_NO_C_PLUS_PLUS -DALT_NO_CLEAN_EXIT -D'exit(a)=_exit(a)' -DALT_NO_EXIT -DALT_USE_DIRECT_DRIVERS -DALT_NO_INSTRUCTION_EMULATION -DALT_USE_SMALL_DRIVERS -DSMALL_C_LIB -DALT_SINGLE_THREADED    -Os -g -Wall   -mno-hw-div -mno-hw-mul -mno-hw-mulx -mgpopt=global  -o obj/default/VGA.o VGA.c
VGA.c: In function 'ShowRecordingEnd':
VGA.c:93:7: warning: unused variable 'num' [-Wunused-variable]
  char num[2];
       ^
Info: Linking VGA_Wifi_Integration.elf
nios2-elf-g++  -T'../VGA_Wifi_Integration_bsp//linker.x' -msys-crt0='../VGA_Wifi_Integration_bsp//obj/HAL/src/crt0.o' -msys-lib=hal_bsp -L../VGA_Wifi_Integration_bsp/  -msmallc  -Wl,-Map=VGA_Wifi_Integration.map   -Os -g -Wall   -mno-hw-div -mno-hw-mul -mno-hw-mulx -mgpopt=global  -o VGA_Wifi_Integration.elf obj/default/ColourPallette.o obj/default/Fonts.o obj/default/VGA.o obj/default/hello_world_small.o -lm -msys-lib=m
nios2-elf-insert VGA_Wifi_Integration.elf --thread_model hal --cpu_name nios2_gen2_0 --qsys true --simulation_enabled false --stderr_dev jtag_uart_0 --stdin_dev jtag_uart_0 --stdout_dev jtag_uart_0 --sopc_system_name dnn_accel_system --quartus_project_dir "C:/Users/simra/Documents/CPEN_391/l2a-02-sdms/VGA_Touchscreen_Integration/source" --sopcinfo C:/Users/simra/Documents/CPEN_391/l2a-02-sdms/VGA_Touchscreen_Integration/source/software/VGA_Wifi_Integration_bsp/../../dnn_accel_system.sopcinfo
Info: (VGA_Wifi_Integration.elf) 59 KBytes program size (code + initialized data).
Info:                            65492 KBytes free for stack + heap.
Info: Creating VGA_Wifi_Integration.objdump
nios2-elf-objdump --disassemble --syms --all-header --source VGA_Wifi_Integration.elf >VGA_Wifi_Integration.objdump
[VGA_Wifi_Integration build complete]
12:12:32 **** Incremental Build of configuration Nios II for project VGA_Wifi_Integration ****
make all 
Info: Building ../VGA_Wifi_Integration_bsp/
C:/intelFPGA_lite/18.1/nios2eds/bin/gnu/H-x86_64-mingw32/bin/make --no-print-directory -C ../VGA_Wifi_Integration_bsp/
[BSP build complete]
[VGA_Wifi_Integration build complete]
12:13:47 **** Build of configuration Nios II for project VGA_Wifi_Integration ****
make all 
Info: Building ../VGA_Wifi_Integration_bsp/
C:/intelFPGA_lite/18.1/nios2eds/bin/gnu/H-x86_64-mingw32/bin/make --no-print-directory -C ../VGA_Wifi_Integration_bsp/
[BSP build complete]
Info: Compiling VGA.c to obj/default/VGA.o
nios2-elf-gcc -xc -MP -MMD -c -I../VGA_Wifi_Integration_bsp//HAL/inc -I../VGA_Wifi_Integration_bsp/ -I../VGA_Wifi_Integration_bsp//drivers/inc  -pipe -D__hal__ -DALT_NO_C_PLUS_PLUS -DALT_NO_CLEAN_EXIT -D'exit(a)=_exit(a)' -DALT_NO_EXIT -DALT_USE_DIRECT_DRIVERS -DALT_NO_INSTRUCTION_EMULATION -DALT_USE_SMALL_DRIVERS -DSMALL_C_LIB -DALT_SINGLE_THREADED    -Os -g -Wall   -mno-hw-div -mno-hw-mul -mno-hw-mulx -mgpopt=global  -o obj/default/VGA.o VGA.c
VGA.c: In function 'ShowRecordingEnd':
VGA.c:93:7: warning: unused variable 'num' [-Wunused-variable]
  char num[2];
       ^
Info: Linking VGA_Wifi_Integration.elf
nios2-elf-g++  -T'../VGA_Wifi_Integration_bsp//linker.x' -msys-crt0='../VGA_Wifi_Integration_bsp//obj/HAL/src/crt0.o' -msys-lib=hal_bsp -L../VGA_Wifi_Integration_bsp/  -msmallc  -Wl,-Map=VGA_Wifi_Integration.map   -Os -g -Wall   -mno-hw-div -mno-hw-mul -mno-hw-mulx -mgpopt=global  -o VGA_Wifi_Integration.elf obj/default/ColourPallette.o obj/default/Fonts.o obj/default/VGA.o obj/default/hello_world_small.o -lm -msys-lib=m
nios2-elf-insert VGA_Wifi_Integration.elf --thread_model hal --cpu_name nios2_gen2_0 --qsys true --simulation_enabled false --stderr_dev jtag_uart_0 --stdin_dev jtag_uart_0 --stdout_dev jtag_uart_0 --sopc_system_name dnn_accel_system --quartus_project_dir "C:/Users/simra/Documents/CPEN_391/l2a-02-sdms/VGA_Touchscreen_Integration/source" --sopcinfo C:/Users/simra/Documents/CPEN_391/l2a-02-sdms/VGA_Touchscreen_Integration/source/software/VGA_Wifi_Integration_bsp/../../dnn_accel_system.sopcinfo
Info: (VGA_Wifi_Integration.elf) 59 KBytes program size (code + initialized data).
Info:                            65492 KBytes free for stack + heap.
Info: Creating VGA_Wifi_Integration.objdump
nios2-elf-objdump --disassemble --syms --all-header --source VGA_Wifi_Integration.elf >VGA_Wifi_Integration.objdump
[VGA_Wifi_Integration build complete]
12:13:50 **** Incremental Build of configuration Nios II for project VGA_Wifi_Integration ****
make all 
Info: Building ../VGA_Wifi_Integration_bsp/
C:/intelFPGA_lite/18.1/nios2eds/bin/gnu/H-x86_64-mingw32/bin/make --no-print-directory -C ../VGA_Wifi_Integration_bsp/
[BSP build complete]
[VGA_Wifi_Integration build complete]
12:14:37 **** Build of configuration Nios II for project VGA_Wifi_Integration ****
make all 
Info: Building ../VGA_Wifi_Integration_bsp/
C:/intelFPGA_lite/18.1/nios2eds/bin/gnu/H-x86_64-mingw32/bin/make --no-print-directory -C ../VGA_Wifi_Integration_bsp/
[BSP build complete]
Info: Compiling VGA.c to obj/default/VGA.o
nios2-elf-gcc -xc -MP -MMD -c -I../VGA_Wifi_Integration_bsp//HAL/inc -I../VGA_Wifi_Integration_bsp/ -I../VGA_Wifi_Integration_bsp//drivers/inc  -pipe -D__hal__ -DALT_NO_C_PLUS_PLUS -DALT_NO_CLEAN_EXIT -D'exit(a)=_exit(a)' -DALT_NO_EXIT -DALT_USE_DIRECT_DRIVERS -DALT_NO_INSTRUCTION_EMULATION -DALT_USE_SMALL_DRIVERS -DSMALL_C_LIB -DALT_SINGLE_THREADED    -Os -g -Wall   -mno-hw-div -mno-hw-mul -mno-hw-mulx -mgpopt=global  -o obj/default/VGA.o VGA.c
VGA.c: In function 'ShowRecordingEnd':
VGA.c:93:7: warning: unused variable 'num' [-Wunused-variable]
  char num[2];
       ^
Info: Linking VGA_Wifi_Integration.elf
nios2-elf-g++  -T'../VGA_Wifi_Integration_bsp//linker.x' -msys-crt0='../VGA_Wifi_Integration_bsp//obj/HAL/src/crt0.o' -msys-lib=hal_bsp -L../VGA_Wifi_Integration_bsp/  -msmallc  -Wl,-Map=VGA_Wifi_Integration.map   -Os -g -Wall   -mno-hw-div -mno-hw-mul -mno-hw-mulx -mgpopt=global  -o VGA_Wifi_Integration.elf obj/default/ColourPallette.o obj/default/Fonts.o obj/default/VGA.o obj/default/hello_world_small.o -lm -msys-lib=m
nios2-elf-insert VGA_Wifi_Integration.elf --thread_model hal --cpu_name nios2_gen2_0 --qsys true --simulation_enabled false --stderr_dev jtag_uart_0 --stdin_dev jtag_uart_0 --stdout_dev jtag_uart_0 --sopc_system_name dnn_accel_system --quartus_project_dir "C:/Users/simra/Documents/CPEN_391/l2a-02-sdms/VGA_Touchscreen_Integration/source" --sopcinfo C:/Users/simra/Documents/CPEN_391/l2a-02-sdms/VGA_Touchscreen_Integration/source/software/VGA_Wifi_Integration_bsp/../../dnn_accel_system.sopcinfo
Info: (VGA_Wifi_Integration.elf) 59 KBytes program size (code + initialized data).
Info:                            65492 KBytes free for stack + heap.
Info: Creating VGA_Wifi_Integration.objdump
nios2-elf-objdump --disassemble --syms --all-header --source VGA_Wifi_Integration.elf >VGA_Wifi_Integration.objdump
[VGA_Wifi_Integration build complete]
12:14:40 **** Incremental Build of configuration Nios II for project VGA_Wifi_Integration ****
make all 
Info: Building ../VGA_Wifi_Integration_bsp/
C:/intelFPGA_lite/18.1/nios2eds/bin/gnu/H-x86_64-mingw32/bin/make --no-print-directory -C ../VGA_Wifi_Integration_bsp/
[BSP build complete]
[VGA_Wifi_Integration build complete]
12:17:26 **** Build of configuration Nios II for project VGA_Wifi_Integration ****
make all 
Info: Building ../VGA_Wifi_Integration_bsp/
C:/intelFPGA_lite/18.1/nios2eds/bin/gnu/H-x86_64-mingw32/bin/make --no-print-directory -C ../VGA_Wifi_Integration_bsp/
[BSP build complete]
[VGA_Wifi_Integration build complete]
12:17:28 **** Incremental Build of configuration Nios II for project VGA_Wifi_Integration ****
make all 
Info: Building ../VGA_Wifi_Integration_bsp/
C:/intelFPGA_lite/18.1/nios2eds/bin/gnu/H-x86_64-mingw32/bin/make --no-print-directory -C ../VGA_Wifi_Integration_bsp/
[BSP build complete]
[VGA_Wifi_Integration build complete]
12:17:50 **** Build of configuration Nios II for project VGA_Wifi_Integration ****
make all 
Info: Building ../VGA_Wifi_Integration_bsp/
C:/intelFPGA_lite/18.1/nios2eds/bin/gnu/H-x86_64-mingw32/bin/make --no-print-directory -C ../VGA_Wifi_Integration_bsp/
[BSP build complete]
Info: Compiling VGA.c to obj/default/VGA.o
nios2-elf-gcc -xc -MP -MMD -c -I../VGA_Wifi_Integration_bsp//HAL/inc -I../VGA_Wifi_Integration_bsp/ -I../VGA_Wifi_Integration_bsp//drivers/inc  -pipe -D__hal__ -DALT_NO_C_PLUS_PLUS -DALT_NO_CLEAN_EXIT -D'exit(a)=_exit(a)' -DALT_NO_EXIT -DALT_USE_DIRECT_DRIVERS -DALT_NO_INSTRUCTION_EMULATION -DALT_USE_SMALL_DRIVERS -DSMALL_C_LIB -DALT_SINGLE_THREADED    -Os -g -Wall   -mno-hw-div -mno-hw-mul -mno-hw-mulx -mgpopt=global  -o obj/default/VGA.o VGA.c
VGA.c: In function 'ShowRecordingEnd':
VGA.c:93:7: warning: unused variable 'num' [-Wunused-variable]
  char num[2];
       ^
Info: Linking VGA_Wifi_Integration.elf
nios2-elf-g++  -T'../VGA_Wifi_Integration_bsp//linker.x' -msys-crt0='../VGA_Wifi_Integration_bsp//obj/HAL/src/crt0.o' -msys-lib=hal_bsp -L../VGA_Wifi_Integration_bsp/  -msmallc  -Wl,-Map=VGA_Wifi_Integration.map   -Os -g -Wall   -mno-hw-div -mno-hw-mul -mno-hw-mulx -mgpopt=global  -o VGA_Wifi_Integration.elf obj/default/ColourPallette.o obj/default/Fonts.o obj/default/VGA.o obj/default/hello_world_small.o -lm -msys-lib=m
nios2-elf-insert VGA_Wifi_Integration.elf --thread_model hal --cpu_name nios2_gen2_0 --qsys true --simulation_enabled false --stderr_dev jtag_uart_0 --stdin_dev jtag_uart_0 --stdout_dev jtag_uart_0 --sopc_system_name dnn_accel_system --quartus_project_dir "C:/Users/simra/Documents/CPEN_391/l2a-02-sdms/VGA_Touchscreen_Integration/source" --sopcinfo C:/Users/simra/Documents/CPEN_391/l2a-02-sdms/VGA_Touchscreen_Integration/source/software/VGA_Wifi_Integration_bsp/../../dnn_accel_system.sopcinfo
Info: (VGA_Wifi_Integration.elf) 59 KBytes program size (code + initialized data).
Info:                            65492 KBytes free for stack + heap.
Info: Creating VGA_Wifi_Integration.objdump
nios2-elf-objdump --disassemble --syms --all-header --source VGA_Wifi_Integration.elf >VGA_Wifi_Integration.objdump
[VGA_Wifi_Integration build complete]
12:17:53 **** Incremental Build of configuration Nios II for project VGA_Wifi_Integration ****
make all 
Info: Building ../VGA_Wifi_Integration_bsp/
C:/intelFPGA_lite/18.1/nios2eds/bin/gnu/H-x86_64-mingw32/bin/make --no-print-directory -C ../VGA_Wifi_Integration_bsp/
[BSP build complete]
[VGA_Wifi_Integration build complete]
12:20:39 **** Build of configuration Nios II for project VGA_Wifi_Integration ****
make all 
Info: Building ../VGA_Wifi_Integration_bsp/
C:/intelFPGA_lite/18.1/nios2eds/bin/gnu/H-x86_64-mingw32/bin/make --no-print-directory -C ../VGA_Wifi_Integration_bsp/
[BSP build complete]
Info: Compiling VGA.c to obj/default/VGA.o
nios2-elf-gcc -xc -MP -MMD -c -I../VGA_Wifi_Integration_bsp//HAL/inc -I../VGA_Wifi_Integration_bsp/ -I../VGA_Wifi_Integration_bsp//drivers/inc  -pipe -D__hal__ -DALT_NO_C_PLUS_PLUS -DALT_NO_CLEAN_EXIT -D'exit(a)=_exit(a)' -DALT_NO_EXIT -DALT_USE_DIRECT_DRIVERS -DALT_NO_INSTRUCTION_EMULATION -DALT_USE_SMALL_DRIVERS -DSMALL_C_LIB -DALT_SINGLE_THREADED    -Os -g -Wall   -mno-hw-div -mno-hw-mul -mno-hw-mulx -mgpopt=global  -o obj/default/VGA.o VGA.c
VGA.c: In function 'ShowRecordingEnd':
VGA.c:93:7: warning: unused variable 'num' [-Wunused-variable]
  char num[2];
       ^
Info: Linking VGA_Wifi_Integration.elf
nios2-elf-g++  -T'../VGA_Wifi_Integration_bsp//linker.x' -msys-crt0='../VGA_Wifi_Integration_bsp//obj/HAL/src/crt0.o' -msys-lib=hal_bsp -L../VGA_Wifi_Integration_bsp/  -msmallc  -Wl,-Map=VGA_Wifi_Integration.map   -Os -g -Wall   -mno-hw-div -mno-hw-mul -mno-hw-mulx -mgpopt=global  -o VGA_Wifi_Integration.elf obj/default/ColourPallette.o obj/default/Fonts.o obj/default/VGA.o obj/default/hello_world_small.o -lm -msys-lib=m
nios2-elf-insert VGA_Wifi_Integration.elf --thread_model hal --cpu_name nios2_gen2_0 --qsys true --simulation_enabled false --stderr_dev jtag_uart_0 --stdin_dev jtag_uart_0 --stdout_dev jtag_uart_0 --sopc_system_name dnn_accel_system --quartus_project_dir "C:/Users/simra/Documents/CPEN_391/l2a-02-sdms/VGA_Touchscreen_Integration/source" --sopcinfo C:/Users/simra/Documents/CPEN_391/l2a-02-sdms/VGA_Touchscreen_Integration/source/software/VGA_Wifi_Integration_bsp/../../dnn_accel_system.sopcinfo
Info: (VGA_Wifi_Integration.elf) 59 KBytes program size (code + initialized data).
Info:                            65492 KBytes free for stack + heap.
Info: Creating VGA_Wifi_Integration.objdump
nios2-elf-objdump --disassemble --syms --all-header --source VGA_Wifi_Integration.elf >VGA_Wifi_Integration.objdump
[VGA_Wifi_Integration build complete]
12:20:42 **** Incremental Build of configuration Nios II for project VGA_Wifi_Integration ****
make all 
Info: Building ../VGA_Wifi_Integration_bsp/
C:/intelFPGA_lite/18.1/nios2eds/bin/gnu/H-x86_64-mingw32/bin/make --no-print-directory -C ../VGA_Wifi_Integration_bsp/
[BSP build complete]
[VGA_Wifi_Integration build complete]
12:25:34 **** Build of configuration Nios II for project VGA_Wifi_Integration ****
make all 
Info: Building ../VGA_Wifi_Integration_bsp/
C:/intelFPGA_lite/18.1/nios2eds/bin/gnu/H-x86_64-mingw32/bin/make --no-print-directory -C ../VGA_Wifi_Integration_bsp/
[BSP build complete]
Info: Compiling VGA.c to obj/default/VGA.o
nios2-elf-gcc -xc -MP -MMD -c -I../VGA_Wifi_Integration_bsp//HAL/inc -I../VGA_Wifi_Integration_bsp/ -I../VGA_Wifi_Integration_bsp//drivers/inc  -pipe -D__hal__ -DALT_NO_C_PLUS_PLUS -DALT_NO_CLEAN_EXIT -D'exit(a)=_exit(a)' -DALT_NO_EXIT -DALT_USE_DIRECT_DRIVERS -DALT_NO_INSTRUCTION_EMULATION -DALT_USE_SMALL_DRIVERS -DSMALL_C_LIB -DALT_SINGLE_THREADED    -Os -g -Wall   -mno-hw-div -mno-hw-mul -mno-hw-mulx -mgpopt=global  -o obj/default/VGA.o VGA.c
VGA.c: In function 'ShowRecordingEnd':
VGA.c:93:7: warning: unused variable 'num' [-Wunused-variable]
  char num[2];
       ^
Info: Linking VGA_Wifi_Integration.elf
nios2-elf-g++  -T'../VGA_Wifi_Integration_bsp//linker.x' -msys-crt0='../VGA_Wifi_Integration_bsp//obj/HAL/src/crt0.o' -msys-lib=hal_bsp -L../VGA_Wifi_Integration_bsp/  -msmallc  -Wl,-Map=VGA_Wifi_Integration.map   -Os -g -Wall   -mno-hw-div -mno-hw-mul -mno-hw-mulx -mgpopt=global  -o VGA_Wifi_Integration.elf obj/default/ColourPallette.o obj/default/Fonts.o obj/default/VGA.o obj/default/hello_world_small.o -lm -msys-lib=m
nios2-elf-insert VGA_Wifi_Integration.elf --thread_model hal --cpu_name nios2_gen2_0 --qsys true --simulation_enabled false --stderr_dev jtag_uart_0 --stdin_dev jtag_uart_0 --stdout_dev jtag_uart_0 --sopc_system_name dnn_accel_system --quartus_project_dir "C:/Users/simra/Documents/CPEN_391/l2a-02-sdms/VGA_Touchscreen_Integration/source" --sopcinfo C:/Users/simra/Documents/CPEN_391/l2a-02-sdms/VGA_Touchscreen_Integration/source/software/VGA_Wifi_Integration_bsp/../../dnn_accel_system.sopcinfo
Info: (VGA_Wifi_Integration.elf) 59 KBytes program size (code + initialized data).
Info:                            65492 KBytes free for stack + heap.
Info: Creating VGA_Wifi_Integration.objdump
nios2-elf-objdump --disassemble --syms --all-header --source VGA_Wifi_Integration.elf >VGA_Wifi_Integration.objdump
[VGA_Wifi_Integration build complete]
12:25:37 **** Incremental Build of configuration Nios II for project VGA_Wifi_Integration ****
make all 
Info: Building ../VGA_Wifi_Integration_bsp/
C:/intelFPGA_lite/18.1/nios2eds/bin/gnu/H-x86_64-mingw32/bin/make --no-print-directory -C ../VGA_Wifi_Integration_bsp/
[BSP build complete]
[VGA_Wifi_Integration build complete]
12:33:28 **** Build of configuration Nios II for project VGA_Wifi_Integration ****
make all 
Info: Building ../VGA_Wifi_Integration_bsp/
C:/intelFPGA_lite/18.1/nios2eds/bin/gnu/H-x86_64-mingw32/bin/make --no-print-directory -C ../VGA_Wifi_Integration_bsp/
[BSP build complete]
[VGA_Wifi_Integration build complete]
12:33:31 **** Incremental Build of configuration Nios II for project VGA_Wifi_Integration ****
make all 
Info: Building ../VGA_Wifi_Integration_bsp/
C:/intelFPGA_lite/18.1/nios2eds/bin/gnu/H-x86_64-mingw32/bin/make --no-print-directory -C ../VGA_Wifi_Integration_bsp/
[BSP build complete]
[VGA_Wifi_Integration build complete]
